c:\frank\silver\cmsdataporting\cmsdataporting\debug\dataporting.pch
c:\frank\silver\cmsdataporting\cmsdataporting\debug\vc120.pdb
c:\frank\silver\cmsdataporting\cmsdataporting\debug\vc120.idb
c:\frank\silver\cmsdataporting\cmsdataporting\debug\stdafx.obj
c:\frank\silver\cmsdataporting\cmsdataporting\debug\app_logmsg.obj
c:\frank\silver\cmsdataporting\cmsdataporting\debug\cmsdataporting.obj
c:\frank\silver\cmsdataporting\cmsdataporting\debug\configinfo.obj
c:\frank\silver\cmsdataporting\cmsdataporting\debug\databasehandler.obj
c:\frank\silver\cmsdataporting\cmsdataporting\debug\datafilegen.obj
c:\frank\silver\cmsdataporting\cmsdataporting\debug\datafileinfo.obj
c:\frank\silver\cmsdataporting\cmsdataporting\debug\rtdbhandler.obj
c:\frank\silver\cmsdataporting\cmsdataporting\debug\sftphandler.obj
c:\frank\temprepo\projects\1.csharptocplusplus callback\cmsdataporting\cmsdataporting\debug\dataporting.pch
c:\frank\temprepo\projects\1.csharptocplusplus callback\cmsdataporting\cmsdataporting\debug\vc120.pdb
c:\frank\temprepo\projects\1.csharptocplusplus callback\cmsdataporting\cmsdataporting\debug\vc120.idb
c:\frank\temprepo\projects\1.csharptocplusplus callback\cmsdataporting\cmsdataporting\debug\stdafx.obj
c:\frank\temprepo\projects\1.csharptocplusplus callback\cmsdataporting\cmsdataporting\debug\app_logmsg.obj
c:\frank\temprepo\projects\1.csharptocplusplus callback\cmsdataporting\cmsdataporting\debug\cmsdataporting.obj
c:\frank\temprepo\projects\1.csharptocplusplus callback\cmsdataporting\cmsdataporting\debug\configinfo.obj
c:\frank\temprepo\projects\1.csharptocplusplus callback\cmsdataporting\cmsdataporting\debug\databasehandler.obj
c:\frank\temprepo\projects\1.csharptocplusplus callback\cmsdataporting\cmsdataporting\debug\datafilegen.obj
c:\frank\temprepo\projects\1.csharptocplusplus callback\cmsdataporting\cmsdataporting\debug\datafileinfo.obj
c:\frank\temprepo\projects\1.csharptocplusplus callback\cmsdataporting\cmsdataporting\debug\rtdbhandler.obj
c:\frank\temprepo\projects\1.csharptocplusplus callback\cmsdataporting\cmsdataporting\debug\sftphandler.obj
c:\willowlynx\scada\arch\t-i386-ntvc\bin\dataporting.lib
c:\willowlynx\scada\arch\t-i386-ntvc\bin\dataporting.exp
c:\willowlynx\scada\arch\t-i386-ntvc\bin\dataporting.ilk
c:\willowlynx\scada\arch\t-i386-ntvc\bin\dataporting.dll
c:\willowlynx\scada\arch\t-i386-ntvc\bin\dataporting.pdb
c:\frank\temprepo\projects\1.csharptocplusplus callback\cmsdataporting\cmsdataporting\debug\cmsdataporting.tlog\cl.command.1.tlog
c:\frank\temprepo\projects\1.csharptocplusplus callback\cmsdataporting\cmsdataporting\debug\cmsdataporting.tlog\cl.read.1.tlog
c:\frank\temprepo\projects\1.csharptocplusplus callback\cmsdataporting\cmsdataporting\debug\cmsdataporting.tlog\cl.write.1.tlog
c:\frank\temprepo\projects\1.csharptocplusplus callback\cmsdataporting\cmsdataporting\debug\cmsdataporting.tlog\cmsdataporting.write.1u.tlog
c:\frank\temprepo\projects\1.csharptocplusplus callback\cmsdataporting\cmsdataporting\debug\cmsdataporting.tlog\link.command.1.tlog
c:\frank\temprepo\projects\1.csharptocplusplus callback\cmsdataporting\cmsdataporting\debug\cmsdataporting.tlog\link.read.1.tlog
c:\frank\temprepo\projects\1.csharptocplusplus callback\cmsdataporting\cmsdataporting\debug\cmsdataporting.tlog\link.write.1.tlog
